0 info it worked if it ends with ok
1 verbose cli [ 'C:\\Program Files\\nodejs\\node.exe',
1 verbose cli   'C:\\Program Files\\nodejs\\node_modules\\npm\\bin\\npm-cli.js',
1 verbose cli   'install',
1 verbose cli   '-g',
1 verbose cli   'typescript@next' ]
2 info using npm@2.15.1
3 info using node@v4.4.4
4 verbose install initial load of C:\Users\admin\AppData\Roaming\npm\package.json
5 verbose readDependencies loading dependencies from C:\Users\admin\AppData\Roaming\npm\package.json
6 silly cache add args [ 'typescript@next', null ]
7 verbose cache add spec typescript@next
8 silly cache add parsed spec Result {
8 silly cache add   raw: 'typescript@next',
8 silly cache add   scope: null,
8 silly cache add   name: 'typescript',
8 silly cache add   rawSpec: 'next',
8 silly cache add   spec: 'next',
8 silly cache add   type: 'tag' }
9 silly addNamed typescript@next
10 verbose addNamed "next" is being treated as a dist-tag for typescript
11 info addNameTag [ 'typescript', 'next' ]
12 silly mapToRegistry name typescript
13 silly mapToRegistry using default registry
14 silly mapToRegistry registry https://registry.npmjs.org/
15 silly mapToRegistry data Result {
15 silly mapToRegistry   raw: 'typescript',
15 silly mapToRegistry   scope: null,
15 silly mapToRegistry   name: 'typescript',
15 silly mapToRegistry   rawSpec: '',
15 silly mapToRegistry   spec: 'latest',
15 silly mapToRegistry   type: 'tag' }
16 silly mapToRegistry uri https://registry.npmjs.org/typescript
17 verbose addNameTag registry:https://registry.npmjs.org/typescript not in flight; fetching
18 verbose request uri https://registry.npmjs.org/typescript
19 verbose request no auth needed
20 info attempt registry request try #1 at 22:20:36
21 verbose request id b23a31d991405e66
22 verbose etag "F3EW3S3JKT4LZ95BQ7STKVYYT"
23 http request GET https://registry.npmjs.org/typescript
24 http 200 https://registry.npmjs.org/typescript
25 verbose headers { server: 'CouchDB/1.5.0 (Erlang OTP/R16B03)',
25 verbose headers   etag: '"491QJ3KFEP96WHUZEFB6BCD9"',
25 verbose headers   'content-type': 'application/json',
25 verbose headers   'content-encoding': 'gzip',
25 verbose headers   'cache-control': 'max-age=300',
25 verbose headers   'content-length': '67597',
25 verbose headers   'accept-ranges': 'bytes',
25 verbose headers   date: 'Mon, 12 Sep 2016 14:20:39 GMT',
25 verbose headers   via: '1.1 varnish',
25 verbose headers   age: '262',
25 verbose headers   connection: 'keep-alive',
25 verbose headers   'x-served-by': 'cache-lcy1121-LCY',
25 verbose headers   'x-cache': 'HIT',
25 verbose headers   'x-cache-hits': '2',
25 verbose headers   'x-timer': 'S1473690039.687843,VS0,VE0',
25 verbose headers   vary: 'Accept-Encoding' }
26 silly get cb [ 200,
26 silly get   { server: 'CouchDB/1.5.0 (Erlang OTP/R16B03)',
26 silly get     etag: '"491QJ3KFEP96WHUZEFB6BCD9"',
26 silly get     'content-type': 'application/json',
26 silly get     'content-encoding': 'gzip',
26 silly get     'cache-control': 'max-age=300',
26 silly get     'content-length': '67597',
26 silly get     'accept-ranges': 'bytes',
26 silly get     date: 'Mon, 12 Sep 2016 14:20:39 GMT',
26 silly get     via: '1.1 varnish',
26 silly get     age: '262',
26 silly get     connection: 'keep-alive',
26 silly get     'x-served-by': 'cache-lcy1121-LCY',
26 silly get     'x-cache': 'HIT',
26 silly get     'x-cache-hits': '2',
26 silly get     'x-timer': 'S1473690039.687843,VS0,VE0',
26 silly get     vary: 'Accept-Encoding' } ]
27 verbose get saving typescript to C:\Users\admin\AppData\Roaming\npm-cache\registry.npmjs.org\typescript\.cache.json
28 verbose correctMkdir C:\Users\admin\AppData\Roaming\npm-cache correctMkdir not in flight; initializing
29 silly addNameTag next cb for typescript with tag next
30 silly addNamed typescript@2.1.0-dev.20160912
31 verbose addNamed "2.1.0-dev.20160912" is a plain semver version for typescript
32 silly mapToRegistry name typescript
33 silly mapToRegistry using default registry
34 silly mapToRegistry registry https://registry.npmjs.org/
35 silly mapToRegistry data Result {
35 silly mapToRegistry   raw: 'typescript',
35 silly mapToRegistry   scope: null,
35 silly mapToRegistry   name: 'typescript',
35 silly mapToRegistry   rawSpec: '',
35 silly mapToRegistry   spec: 'latest',
35 silly mapToRegistry   type: 'tag' }
36 silly mapToRegistry uri https://registry.npmjs.org/typescript
37 verbose addRemoteTarball https://registry.npmjs.org/typescript/-/typescript-2.1.0-dev.20160912.tgz not in flight; adding
38 verbose addRemoteTarball [ 'https://registry.npmjs.org/typescript/-/typescript-2.1.0-dev.20160912.tgz',
38 verbose addRemoteTarball   '2f8f846a549997470bb25e86d0ab8155333e6bcc' ]
39 info retry fetch attempt 1 at 22:20:57
40 info attempt registry request try #1 at 22:20:57
41 http fetch GET https://registry.npmjs.org/typescript/-/typescript-2.1.0-dev.20160912.tgz
42 http fetch 200 https://registry.npmjs.org/typescript/-/typescript-2.1.0-dev.20160912.tgz
43 silly fetchAndShaCheck shasum 2f8f846a549997470bb25e86d0ab8155333e6bcc
44 verbose stack Error: shasum check failed for C:\Users\admin\AppData\Local\Temp\npm-7148-3687402b\registry.npmjs.org\typescript\-\typescript-2.1.0-dev.20160912.tgz
44 verbose stack Expected: 2f8f846a549997470bb25e86d0ab8155333e6bcc
44 verbose stack Actual:   9061798f237406e80f52f3e095f78ed7beb0ecb3
44 verbose stack From:     https://registry.npmjs.org/typescript/-/typescript-2.1.0-dev.20160912.tgz
44 verbose stack     at C:\Program Files\nodejs\node_modules\npm\node_modules\sha\index.js:25:8
44 verbose stack     at ReadStream.<anonymous> (C:\Program Files\nodejs\node_modules\npm\node_modules\sha\index.js:72:7)
44 verbose stack     at emitNone (events.js:72:20)
44 verbose stack     at ReadStream.emit (events.js:166:7)
44 verbose stack     at endReadableNT (_stream_readable.js:913:12)
44 verbose stack     at nextTickCallbackWith2Args (node.js:442:9)
44 verbose stack     at process._tickCallback (node.js:356:17)
45 verbose cwd d:\VSC_workspace\heatmap_feature
46 error Windows_NT 6.1.7601
47 error argv "C:\\Program Files\\nodejs\\node.exe" "C:\\Program Files\\nodejs\\node_modules\\npm\\bin\\npm-cli.js" "install" "-g" "typescript@next"
48 error node v4.4.4
49 error npm  v2.15.1
50 error shasum check failed for C:\Users\admin\AppData\Local\Temp\npm-7148-3687402b\registry.npmjs.org\typescript\-\typescript-2.1.0-dev.20160912.tgz
50 error Expected: 2f8f846a549997470bb25e86d0ab8155333e6bcc
50 error Actual:   9061798f237406e80f52f3e095f78ed7beb0ecb3
50 error From:     https://registry.npmjs.org/typescript/-/typescript-2.1.0-dev.20160912.tgz
51 error If you need help, you may report this error at:
51 error     <https://github.com/npm/npm/issues>
52 verbose exit [ 1, true ]
